[0.565s] Invoking command in '/home/gabriel/Área de Trabalho/projbbee/rosproj/src/pacote_cap': PYTHONPATH=/home/gabriel/Área de Trabalho/projbbee/rosproj/build/pacote_cap/prefix_override:/usr/lib/python3/dist-packages/colcon_core/task/python/colcon_distutils_commands:/home/gabriel/Área de Trabalho/projbbee/rosproj/install/pacote_cap/lib/python3.10/site-packages:${PYTHONPATH} /usr/bin/python3 -W ignore:setup.py install is deprecated -W ignore:easy_install command is deprecated setup.py egg_info --egg-base ../../build/pacote_cap build --build-base /home/gabriel/Área de Trabalho/projbbee/rosproj/build/pacote_cap/build install --record /home/gabriel/Área de Trabalho/projbbee/rosproj/build/pacote_cap/install.log --single-version-externally-managed install_data
[0.771s] running egg_info
[0.771s] creating ../../build/pacote_cap/pacote_cap.egg-info
[0.772s] writing ../../build/pacote_cap/pacote_cap.egg-info/PKG-INFO
[0.772s] writing dependency_links to ../../build/pacote_cap/pacote_cap.egg-info/dependency_links.txt
[0.772s] writing entry points to ../../build/pacote_cap/pacote_cap.egg-info/entry_points.txt
[0.772s] writing requirements to ../../build/pacote_cap/pacote_cap.egg-info/requires.txt
[0.772s] writing top-level names to ../../build/pacote_cap/pacote_cap.egg-info/top_level.txt
[0.772s] writing manifest file '../../build/pacote_cap/pacote_cap.egg-info/SOURCES.txt'
[0.774s] reading manifest file '../../build/pacote_cap/pacote_cap.egg-info/SOURCES.txt'
[0.775s] writing manifest file '../../build/pacote_cap/pacote_cap.egg-info/SOURCES.txt'
[0.775s] running build
[0.775s] running build_py
[0.775s] creating /home/gabriel/Área de Trabalho/projbbee/rosproj/build/pacote_cap/build
[0.775s] creating /home/gabriel/Área de Trabalho/projbbee/rosproj/build/pacote_cap/build/lib
[0.775s] creating /home/gabriel/Área de Trabalho/projbbee/rosproj/build/pacote_cap/build/lib/pacote_cap
[0.775s] copying pacote_cap/__init__.py -> /home/gabriel/Área de Trabalho/projbbee/rosproj/build/pacote_cap/build/lib/pacote_cap
[0.775s] running install
[0.776s] running install_lib
[0.776s] creating /home/gabriel/Área de Trabalho/projbbee/rosproj/install/pacote_cap/lib/python3.10/site-packages/pacote_cap
[0.776s] copying /home/gabriel/Área de Trabalho/projbbee/rosproj/build/pacote_cap/build/lib/pacote_cap/__init__.py -> /home/gabriel/Área de Trabalho/projbbee/rosproj/install/pacote_cap/lib/python3.10/site-packages/pacote_cap
[0.777s] byte-compiling /home/gabriel/Área de Trabalho/projbbee/rosproj/install/pacote_cap/lib/python3.10/site-packages/pacote_cap/__init__.py to __init__.cpython-310.pyc
[0.777s] running install_data
[0.777s] creating /home/gabriel/Área de Trabalho/projbbee/rosproj/install/pacote_cap/share/ament_index
[0.777s] creating /home/gabriel/Área de Trabalho/projbbee/rosproj/install/pacote_cap/share/ament_index/resource_index
[0.777s] creating /home/gabriel/Área de Trabalho/projbbee/rosproj/install/pacote_cap/share/ament_index/resource_index/packages
[0.777s] copying resource/pacote_cap -> /home/gabriel/Área de Trabalho/projbbee/rosproj/install/pacote_cap/share/ament_index/resource_index/packages
[0.777s] copying package.xml -> /home/gabriel/Área de Trabalho/projbbee/rosproj/install/pacote_cap/share/pacote_cap
[0.777s] running install_egg_info
[0.779s] Copying ../../build/pacote_cap/pacote_cap.egg-info to /home/gabriel/Área de Trabalho/projbbee/rosproj/install/pacote_cap/lib/python3.10/site-packages/pacote_cap-0.0.0-py3.10.egg-info
[0.780s] running install_scripts
[0.797s] writing list of installed files to '/home/gabriel/Área de Trabalho/projbbee/rosproj/build/pacote_cap/install.log'
[0.813s] Invoked command in '/home/gabriel/Área de Trabalho/projbbee/rosproj/src/pacote_cap' returned '0': PYTHONPATH=/home/gabriel/Área de Trabalho/projbbee/rosproj/build/pacote_cap/prefix_override:/usr/lib/python3/dist-packages/colcon_core/task/python/colcon_distutils_commands:/home/gabriel/Área de Trabalho/projbbee/rosproj/install/pacote_cap/lib/python3.10/site-packages:${PYTHONPATH} /usr/bin/python3 -W ignore:setup.py install is deprecated -W ignore:easy_install command is deprecated setup.py egg_info --egg-base ../../build/pacote_cap build --build-base /home/gabriel/Área de Trabalho/projbbee/rosproj/build/pacote_cap/build install --record /home/gabriel/Área de Trabalho/projbbee/rosproj/build/pacote_cap/install.log --single-version-externally-managed install_data
