[0.499s] Invoking command in '/home/gabriel/Área de Trabalho/projbbee/rosproj/src/pacote_cap': PYTHONPATH=/home/gabriel/Área de Trabalho/projbbee/rosproj/build/pacote_cap/prefix_override:/usr/lib/python3/dist-packages/colcon_core/task/python/colcon_distutils_commands:/home/gabriel/Área de Trabalho/projbbee/rosproj/install/pacote_cap/lib/python3.10/site-packages:${PYTHONPATH} /usr/bin/python3 -W ignore:setup.py install is deprecated -W ignore:easy_install command is deprecated setup.py egg_info --egg-base ../../build/pacote_cap build --build-base /home/gabriel/Área de Trabalho/projbbee/rosproj/build/pacote_cap/build install --record /home/gabriel/Área de Trabalho/projbbee/rosproj/build/pacote_cap/install.log --single-version-externally-managed install_data
[0.702s] running egg_info
[0.703s] creating ../../build/pacote_cap/pacote_cap.egg-info
[0.703s] writing ../../build/pacote_cap/pacote_cap.egg-info/PKG-INFO
[0.703s] writing dependency_links to ../../build/pacote_cap/pacote_cap.egg-info/dependency_links.txt
[0.704s] writing entry points to ../../build/pacote_cap/pacote_cap.egg-info/entry_points.txt
[0.704s] writing requirements to ../../build/pacote_cap/pacote_cap.egg-info/requires.txt
[0.704s] writing top-level names to ../../build/pacote_cap/pacote_cap.egg-info/top_level.txt
[0.704s] writing manifest file '../../build/pacote_cap/pacote_cap.egg-info/SOURCES.txt'
[0.705s] reading manifest file '../../build/pacote_cap/pacote_cap.egg-info/SOURCES.txt'
[0.706s] writing manifest file '../../build/pacote_cap/pacote_cap.egg-info/SOURCES.txt'
[0.706s] running build
[0.706s] running build_py
[0.706s] creating /home/gabriel/Área de Trabalho/projbbee/rosproj/build/pacote_cap/build
[0.706s] creating /home/gabriel/Área de Trabalho/projbbee/rosproj/build/pacote_cap/build/lib
[0.706s] creating /home/gabriel/Área de Trabalho/projbbee/rosproj/build/pacote_cap/build/lib/pacote_cap
[0.707s] copying pacote_cap/objc_detector_sub.py -> /home/gabriel/Área de Trabalho/projbbee/rosproj/build/pacote_cap/build/lib/pacote_cap
[0.707s] copying pacote_cap/ambiente.py -> /home/gabriel/Área de Trabalho/projbbee/rosproj/build/pacote_cap/build/lib/pacote_cap
[0.707s] copying pacote_cap/objc_detector_pub.py -> /home/gabriel/Área de Trabalho/projbbee/rosproj/build/pacote_cap/build/lib/pacote_cap
[0.707s] copying pacote_cap/drone.py -> /home/gabriel/Área de Trabalho/projbbee/rosproj/build/pacote_cap/build/lib/pacote_cap
[0.707s] copying pacote_cap/__init__.py -> /home/gabriel/Área de Trabalho/projbbee/rosproj/build/pacote_cap/build/lib/pacote_cap
[0.707s] copying pacote_cap/movimentacao.py -> /home/gabriel/Área de Trabalho/projbbee/rosproj/build/pacote_cap/build/lib/pacote_cap
[0.707s] running install
[0.707s] running install_lib
[0.708s] creating /home/gabriel/Área de Trabalho/projbbee/rosproj/install/pacote_cap/lib/python3.10/site-packages/pacote_cap
[0.708s] copying /home/gabriel/Área de Trabalho/projbbee/rosproj/build/pacote_cap/build/lib/pacote_cap/objc_detector_sub.py -> /home/gabriel/Área de Trabalho/projbbee/rosproj/install/pacote_cap/lib/python3.10/site-packages/pacote_cap
[0.708s] copying /home/gabriel/Área de Trabalho/projbbee/rosproj/build/pacote_cap/build/lib/pacote_cap/ambiente.py -> /home/gabriel/Área de Trabalho/projbbee/rosproj/install/pacote_cap/lib/python3.10/site-packages/pacote_cap
[0.708s] copying /home/gabriel/Área de Trabalho/projbbee/rosproj/build/pacote_cap/build/lib/pacote_cap/objc_detector_pub.py -> /home/gabriel/Área de Trabalho/projbbee/rosproj/install/pacote_cap/lib/python3.10/site-packages/pacote_cap
[0.708s] copying /home/gabriel/Área de Trabalho/projbbee/rosproj/build/pacote_cap/build/lib/pacote_cap/drone.py -> /home/gabriel/Área de Trabalho/projbbee/rosproj/install/pacote_cap/lib/python3.10/site-packages/pacote_cap
[0.708s] copying /home/gabriel/Área de Trabalho/projbbee/rosproj/build/pacote_cap/build/lib/pacote_cap/__init__.py -> /home/gabriel/Área de Trabalho/projbbee/rosproj/install/pacote_cap/lib/python3.10/site-packages/pacote_cap
[0.709s] copying /home/gabriel/Área de Trabalho/projbbee/rosproj/build/pacote_cap/build/lib/pacote_cap/movimentacao.py -> /home/gabriel/Área de Trabalho/projbbee/rosproj/install/pacote_cap/lib/python3.10/site-packages/pacote_cap
[0.709s] byte-compiling /home/gabriel/Área de Trabalho/projbbee/rosproj/install/pacote_cap/lib/python3.10/site-packages/pacote_cap/objc_detector_sub.py to objc_detector_sub.cpython-310.pyc
[0.709s] byte-compiling /home/gabriel/Área de Trabalho/projbbee/rosproj/install/pacote_cap/lib/python3.10/site-packages/pacote_cap/ambiente.py to ambiente.cpython-310.pyc
[0.710s] byte-compiling /home/gabriel/Área de Trabalho/projbbee/rosproj/install/pacote_cap/lib/python3.10/site-packages/pacote_cap/objc_detector_pub.py to objc_detector_pub.cpython-310.pyc
[0.711s] byte-compiling /home/gabriel/Área de Trabalho/projbbee/rosproj/install/pacote_cap/lib/python3.10/site-packages/pacote_cap/drone.py to drone.cpython-310.pyc
[0.711s] byte-compiling /home/gabriel/Área de Trabalho/projbbee/rosproj/install/pacote_cap/lib/python3.10/site-packages/pacote_cap/__init__.py to __init__.cpython-310.pyc
[0.712s] byte-compiling /home/gabriel/Área de Trabalho/projbbee/rosproj/install/pacote_cap/lib/python3.10/site-packages/pacote_cap/movimentacao.py to movimentacao.cpython-310.pyc
[0.712s] running install_data
[0.712s] creating /home/gabriel/Área de Trabalho/projbbee/rosproj/install/pacote_cap/share/ament_index
[0.712s] creating /home/gabriel/Área de Trabalho/projbbee/rosproj/install/pacote_cap/share/ament_index/resource_index
[0.712s] creating /home/gabriel/Área de Trabalho/projbbee/rosproj/install/pacote_cap/share/ament_index/resource_index/packages
[0.712s] copying resource/pacote_cap -> /home/gabriel/Área de Trabalho/projbbee/rosproj/install/pacote_cap/share/ament_index/resource_index/packages
[0.712s] copying package.xml -> /home/gabriel/Área de Trabalho/projbbee/rosproj/install/pacote_cap/share/pacote_cap
[0.713s] creating /home/gabriel/Área de Trabalho/projbbee/rosproj/install/pacote_cap/share/pacote_cap/launch
[0.713s] copying launch/drone_launch.py -> /home/gabriel/Área de Trabalho/projbbee/rosproj/install/pacote_cap/share/pacote_cap/launch
[0.713s] running install_egg_info
[0.714s] Copying ../../build/pacote_cap/pacote_cap.egg-info to /home/gabriel/Área de Trabalho/projbbee/rosproj/install/pacote_cap/lib/python3.10/site-packages/pacote_cap-0.0.0-py3.10.egg-info
[0.715s] running install_scripts
[0.731s] Installing objc_detector_pub script to /home/gabriel/Área de Trabalho/projbbee/rosproj/install/pacote_cap/lib/pacote_cap
[0.731s] Installing objc_detector_sub script to /home/gabriel/Área de Trabalho/projbbee/rosproj/install/pacote_cap/lib/pacote_cap
[0.731s] writing list of installed files to '/home/gabriel/Área de Trabalho/projbbee/rosproj/build/pacote_cap/install.log'
[0.749s] Invoked command in '/home/gabriel/Área de Trabalho/projbbee/rosproj/src/pacote_cap' returned '0': PYTHONPATH=/home/gabriel/Área de Trabalho/projbbee/rosproj/build/pacote_cap/prefix_override:/usr/lib/python3/dist-packages/colcon_core/task/python/colcon_distutils_commands:/home/gabriel/Área de Trabalho/projbbee/rosproj/install/pacote_cap/lib/python3.10/site-packages:${PYTHONPATH} /usr/bin/python3 -W ignore:setup.py install is deprecated -W ignore:easy_install command is deprecated setup.py egg_info --egg-base ../../build/pacote_cap build --build-base /home/gabriel/Área de Trabalho/projbbee/rosproj/build/pacote_cap/build install --record /home/gabriel/Área de Trabalho/projbbee/rosproj/build/pacote_cap/install.log --single-version-externally-managed install_data
